[2020-09-05T22:00:11.216] [DEBUG] cheese - login => username:dqs,password:123456
[2020-09-05T22:00:11.217] [DEBUG] cheese - dqs
[2020-09-05T22:00:11.233] [DEBUG] cheese - null
[2020-09-05T22:00:11.234] [DEBUG] cheese - null
[2020-09-05T22:00:49.176] [DEBUG] cheese - login => username:admin,password:123456
[2020-09-05T22:00:49.176] [DEBUG] cheese - admin
[2020-09-05T22:00:49.188] [DEBUG] cheese - null
[2020-09-05T22:00:49.188] [DEBUG] cheese - null
[2020-09-06T11:07:11.286] [DEBUG] cheese - login => username:admin,password:123456
[2020-09-06T11:07:11.289] [DEBUG] cheese - admin
[2020-09-06T11:07:11.330] [DEBUG] cheese - null
[2020-09-06T11:07:11.332] [DEBUG] cheese - null
[2020-09-06T11:09:05.062] [DEBUG] cheese - login => username:111,password:1111111
[2020-09-06T11:09:05.062] [DEBUG] cheese - 111
[2020-09-06T11:09:05.066] [DEBUG] cheese - null
[2020-09-06T11:09:05.066] [DEBUG] cheese - null
[2020-09-06T11:09:16.755] [DEBUG] cheese - login => username:admin,password:123456
[2020-09-06T11:09:16.755] [DEBUG] cheese - admin
[2020-09-06T11:09:16.755] [DEBUG] cheese - null
[2020-09-06T11:09:16.755] [DEBUG] cheese - null
[2020-09-06T11:10:46.695] [DEBUG] cheese - login => username:111,password:111111
[2020-09-06T11:10:46.695] [DEBUG] cheese - 111
[2020-09-06T11:10:46.699] [DEBUG] cheese - null
[2020-09-06T11:10:46.699] [DEBUG] cheese - null
[2020-09-06T11:11:05.760] [DEBUG] cheese - login => username:admin,password:123456
[2020-09-06T11:11:05.760] [DEBUG] cheese - admin
[2020-09-06T11:11:05.765] [DEBUG] cheese - null
[2020-09-06T11:11:05.765] [DEBUG] cheese - null
[2020-09-06T11:13:24.842] [DEBUG] cheese - login => username:admin,password:123456
[2020-09-06T11:13:24.842] [DEBUG] cheese - admin
[2020-09-06T11:13:24.846] [DEBUG] cheese - null
[2020-09-06T11:13:24.846] [DEBUG] cheese - null
[2020-09-06T11:14:10.583] [DEBUG] cheese - login => username:admin,password:123456
[2020-09-06T11:14:10.583] [DEBUG] cheese - admin
[2020-09-06T11:14:10.586] [DEBUG] cheese - null
[2020-09-06T11:14:10.586] [DEBUG] cheese - null
[2020-09-06T11:14:14.940] [DEBUG] cheese - login => username:admi,password:123456
[2020-09-06T11:14:14.941] [DEBUG] cheese - admi
[2020-09-06T11:14:14.944] [DEBUG] cheese - null
[2020-09-06T11:14:14.944] [DEBUG] cheese - null
[2020-09-07T20:57:02.888] [DEBUG] cheese - login => username:111,password:1111111
[2020-09-07T20:57:02.891] [DEBUG] cheese - 111
[2020-09-07T20:57:02.984] [DEBUG] cheese - null
[2020-09-07T20:57:02.984] [DEBUG] cheese - null
[2020-09-07T20:58:30.549] [DEBUG] cheese - login => username:admin,password:123456
[2020-09-07T20:58:30.549] [DEBUG] cheese - admin
[2020-09-07T20:58:30.556] [DEBUG] cheese - null
[2020-09-07T20:58:30.556] [DEBUG] cheese - null
[2020-09-07T21:02:41.054] [DEBUG] cheese - login => username:admin,password:123456
[2020-09-07T21:02:41.054] [DEBUG] cheese - admin
[2020-09-07T21:02:41.060] [DEBUG] cheese - null
[2020-09-07T21:02:41.060] [DEBUG] cheese - null
[2020-09-07T21:06:50.250] [DEBUG] cheese - login => username:admin,password:123456
[2020-09-07T21:06:50.250] [DEBUG] cheese - admin
[2020-09-07T21:06:50.255] [DEBUG] cheese - null
[2020-09-07T21:06:50.255] [DEBUG] cheese - null
[2020-09-07T21:06:53.250] [DEBUG] cheese - login => username:admin,password:123456
[2020-09-07T21:06:53.251] [DEBUG] cheese - admin
[2020-09-07T21:06:53.253] [DEBUG] cheese - null
[2020-09-07T21:06:53.254] [DEBUG] cheese - null
[2020-09-07T21:06:56.129] [DEBUG] cheese - login => username:admin,password:123456
[2020-09-07T21:06:56.129] [DEBUG] cheese - admin
[2020-09-07T21:06:56.133] [DEBUG] cheese - null
[2020-09-07T21:06:56.133] [DEBUG] cheese - null
[2020-09-07T21:19:01.285] [DEBUG] cheese - login => username:admin,password:123456
[2020-09-07T21:19:01.285] [DEBUG] cheese - admin
[2020-09-07T21:19:01.289] [DEBUG] cheese - null
[2020-09-07T21:19:01.289] [DEBUG] cheese - null
[2020-09-07T21:19:08.190] [DEBUG] cheese - login => username:admin,password:123456
[2020-09-07T21:19:08.191] [DEBUG] cheese - admin
[2020-09-07T21:19:08.193] [DEBUG] cheese - null
[2020-09-07T21:19:08.193] [DEBUG] cheese - null
[2020-09-07T21:21:13.965] [DEBUG] cheese - login => username:admin,password:123456
[2020-09-07T21:21:13.965] [DEBUG] cheese - admin
[2020-09-07T21:21:13.967] [DEBUG] cheese - null
[2020-09-07T21:21:13.967] [DEBUG] cheese - null
[2020-09-07T21:23:40.997] [DEBUG] cheese - login => username:admin,password:123456
[2020-09-07T21:23:40.997] [DEBUG] cheese - admin
[2020-09-07T21:23:41.000] [DEBUG] cheese - null
[2020-09-07T21:23:41.000] [DEBUG] cheese - null
[2020-09-07T21:49:19.988] [DEBUG] cheese - login => username:admin,password:123456
[2020-09-07T21:49:19.988] [DEBUG] cheese - admin
[2020-09-07T21:49:19.991] [DEBUG] cheese - null
[2020-09-07T21:49:19.991] [DEBUG] cheese - null
[2020-09-07T22:04:09.668] [DEBUG] cheese - login => username:admin,password:123456
[2020-09-07T22:04:09.668] [DEBUG] cheese - admin
[2020-09-07T22:04:09.672] [DEBUG] cheese - null
[2020-09-07T22:04:09.673] [DEBUG] cheese - null
[2020-09-12T23:35:25.198] [DEBUG] cheese - login => username:admin,password:123456
[2020-09-12T23:35:25.218] [DEBUG] cheese - admin
[2020-09-12T23:35:25.408] [DEBUG] cheese - null
[2020-09-12T23:35:25.408] [DEBUG] cheese - null
[2020-09-12T23:56:07.460] [DEBUG] cheese - login => username:admin,password:123456
[2020-09-12T23:56:07.460] [DEBUG] cheese - admin
[2020-09-12T23:56:07.466] [DEBUG] cheese - null
[2020-09-12T23:56:07.466] [DEBUG] cheese - null
[2020-09-13T00:05:32.727] [DEBUG] cheese - login => username:admin,password:123456
[2020-09-13T00:05:32.727] [DEBUG] cheese - admin
[2020-09-13T00:05:32.732] [DEBUG] cheese - null
[2020-09-13T00:05:32.732] [DEBUG] cheese - null
[2020-09-13T00:07:31.972] [DEBUG] cheese - login => username:admin,password:123456
[2020-09-13T00:07:31.972] [DEBUG] cheese - admin
[2020-09-13T00:07:31.976] [DEBUG] cheese - null
[2020-09-13T00:07:31.976] [DEBUG] cheese - null
[2020-09-13T00:13:43.070] [DEBUG] cheese - login => username:admin,password:123456
[2020-09-13T00:13:43.070] [DEBUG] cheese - admin
[2020-09-13T00:13:43.075] [DEBUG] cheese - null
[2020-09-13T00:13:43.075] [DEBUG] cheese - null
[2020-09-13T15:05:21.358] [DEBUG] cheese - login => username:admin,password:123456
[2020-09-13T15:05:21.360] [DEBUG] cheese - admin
[2020-09-13T15:05:21.379] [DEBUG] cheese - null
[2020-09-13T15:05:21.379] [DEBUG] cheese - null
[2020-09-13T15:14:26.303] [DEBUG] cheese - login => username:admin,password:123456
[2020-09-13T15:14:26.303] [DEBUG] cheese - admin
[2020-09-13T15:14:26.306] [DEBUG] cheese - null
[2020-09-13T15:14:26.306] [DEBUG] cheese - null
[2020-09-13T15:30:13.998] [DEBUG] cheese - login => username:admin,password:123456
[2020-09-13T15:30:13.998] [DEBUG] cheese - admin
[2020-09-13T15:30:14.000] [DEBUG] cheese - null
[2020-09-13T15:30:14.001] [DEBUG] cheese - null
[2020-09-13T15:47:58.132] [DEBUG] cheese - login => username:admin,password:123456
[2020-09-13T15:47:58.134] [DEBUG] cheese - admin
[2020-09-13T15:47:58.196] [DEBUG] cheese - null
[2020-09-13T15:47:58.197] [DEBUG] cheese - null
[2020-09-13T15:50:19.155] [DEBUG] cheese - login => username:admin,password:123456
[2020-09-13T15:50:19.156] [DEBUG] cheese - admin
[2020-09-13T15:50:19.158] [DEBUG] cheese - null
[2020-09-13T15:50:19.159] [DEBUG] cheese - null
[2020-09-13T15:50:29.993] [DEBUG] cheese - login => username:admin,password:123456
[2020-09-13T15:50:29.994] [DEBUG] cheese - admin
[2020-09-13T15:50:29.997] [DEBUG] cheese - null
[2020-09-13T15:50:29.997] [DEBUG] cheese - null
[2020-09-13T15:51:34.767] [DEBUG] cheese - login => username:admin,password:123456
[2020-09-13T15:51:34.768] [DEBUG] cheese - admin
[2020-09-13T15:51:34.771] [DEBUG] cheese - null
[2020-09-13T15:51:34.771] [DEBUG] cheese - null
[2020-09-13T15:53:53.895] [DEBUG] cheese - login => username:admin,password:123456
[2020-09-13T15:53:53.895] [DEBUG] cheese - admin
[2020-09-13T15:53:53.899] [DEBUG] cheese - null
[2020-09-13T15:53:53.899] [DEBUG] cheese - null
[2020-09-13T16:01:05.943] [DEBUG] cheese - login => username:admin,password:123456
[2020-09-13T16:01:05.943] [DEBUG] cheese - admin
[2020-09-13T16:01:05.947] [DEBUG] cheese - null
[2020-09-13T16:01:05.947] [DEBUG] cheese - null
[2020-09-15T20:56:12.262] [DEBUG] cheese - login => username:admin,password:123456
[2020-09-15T20:56:12.264] [DEBUG] cheese - admin
[2020-09-15T20:56:12.363] [DEBUG] cheese - null
[2020-09-15T20:56:12.364] [DEBUG] cheese - null
[2020-09-15T21:06:40.026] [DEBUG] cheese - login => username:admin,password:123456
[2020-09-15T21:06:40.027] [DEBUG] cheese - admin
[2020-09-15T21:06:40.030] [DEBUG] cheese - null
[2020-09-15T21:06:40.030] [DEBUG] cheese - null
[2020-09-17T20:43:24.132] [DEBUG] cheese - login => username:admin,password:123456
[2020-09-17T20:43:24.135] [DEBUG] cheese - admin
[2020-09-17T20:43:24.427] [DEBUG] cheese - null
[2020-09-17T20:43:24.428] [DEBUG] cheese - null
[2020-09-17T20:48:27.481] [DEBUG] cheese - login => username:admin,password:123456
[2020-09-17T20:48:27.482] [DEBUG] cheese - admin
[2020-09-17T20:48:27.485] [DEBUG] cheese - null
[2020-09-17T20:48:27.485] [DEBUG] cheese - null
[2020-09-17T22:55:46.520] [DEBUG] cheese - login => username:admin,password:123456
[2020-09-17T22:55:46.521] [DEBUG] cheese - admin
[2020-09-17T22:55:46.525] [DEBUG] cheese - null
[2020-09-17T22:55:46.526] [DEBUG] cheese - null
[2020-09-17T22:56:24.953] [DEBUG] cheese - login => username:admin,password:123456
[2020-09-17T22:56:24.954] [DEBUG] cheese - admin
[2020-09-17T22:56:24.957] [DEBUG] cheese - null
[2020-09-17T22:56:24.958] [DEBUG] cheese - null
[2020-09-21T19:54:18.325] [DEBUG] cheese - login => username:admin,password:123456
[2020-09-21T19:54:18.327] [DEBUG] cheese - admin
[2020-09-21T19:54:18.490] [DEBUG] cheese - null
[2020-09-21T19:54:18.491] [DEBUG] cheese - null
[2020-09-23T19:10:48.755] [DEBUG] cheese - login => username:admin,password:123456
[2020-09-23T19:10:48.757] [DEBUG] cheese - admin
[2020-09-23T19:10:48.910] [DEBUG] cheese - null
[2020-09-23T19:10:48.911] [DEBUG] cheese - null
[2020-09-23T19:57:45.819] [DEBUG] cheese - null
[2020-09-23T19:59:46.263] [DEBUG] cheese - null
[2020-09-23T19:59:53.676] [DEBUG] cheese - null
[2020-09-25T20:45:50.592] [DEBUG] cheese - login => username:admin,password:123456
[2020-09-25T20:45:50.594] [DEBUG] cheese - admin
[2020-09-25T20:45:50.768] [DEBUG] cheese - null
[2020-09-25T20:45:50.769] [DEBUG] cheese - null
[2020-09-25T21:49:53.609] [DEBUG] cheese - login => username:admin,password:123456
[2020-09-25T21:49:53.610] [DEBUG] cheese - admin
[2020-09-25T21:49:53.630] [DEBUG] cheese - null
[2020-09-25T21:49:53.631] [DEBUG] cheese - null
[2020-09-27T20:05:46.049] [DEBUG] cheese - login => username:admin,password:123456
[2020-09-27T20:05:46.051] [DEBUG] cheese - admin
[2020-09-27T20:05:46.184] [DEBUG] cheese - null
[2020-09-27T20:05:46.185] [DEBUG] cheese - null
[2020-09-29T19:25:52.405] [DEBUG] cheese - login => username:admin,password:123456
[2020-09-29T19:25:52.407] [DEBUG] cheese - admin
[2020-09-29T19:25:52.484] [DEBUG] cheese - null
[2020-09-29T19:25:52.485] [DEBUG] cheese - null
[2020-10-02T16:37:57.399] [DEBUG] cheese - login => username:admin,password:123456
[2020-10-02T16:37:57.402] [DEBUG] cheese - admin
[2020-10-02T16:37:57.489] [DEBUG] cheese - null
[2020-10-02T16:37:57.490] [DEBUG] cheese - null
[2020-10-04T15:26:50.758] [DEBUG] cheese - login => username:admin,password:123456
[2020-10-04T15:26:50.761] [DEBUG] cheese - admin
[2020-10-04T15:26:50.856] [DEBUG] cheese - null
[2020-10-04T15:26:50.857] [DEBUG] cheese - null
[2020-10-08T20:02:13.797] [DEBUG] cheese - login => username:admin,password:123456
[2020-10-08T20:02:13.800] [DEBUG] cheese - admin
[2020-10-08T20:02:13.858] [DEBUG] cheese - null
[2020-10-08T20:02:13.859] [DEBUG] cheese - null
[2020-10-09T21:41:23.814] [DEBUG] cheese - login => username:admin,password:123456
[2020-10-09T21:41:23.825] [DEBUG] cheese - admin
[2020-10-09T21:41:23.937] [DEBUG] cheese - null
[2020-10-09T21:41:23.939] [DEBUG] cheese - null
[2020-10-09T21:41:42.950] [DEBUG] cheese - login => username:admin,password:123456
[2020-10-09T21:41:42.951] [DEBUG] cheese - admin
[2020-10-09T21:41:42.954] [DEBUG] cheese - null
[2020-10-09T21:41:42.954] [DEBUG] cheese - null
[2020-10-09T21:42:54.514] [DEBUG] cheese - login => username:admin,password:123456
[2020-10-09T21:42:54.515] [DEBUG] cheese - admin
[2020-10-09T21:42:54.519] [DEBUG] cheese - null
[2020-10-09T21:42:54.519] [DEBUG] cheese - null
[2020-10-09T21:45:47.744] [DEBUG] cheese - login => username:admin,password:123456
[2020-10-09T21:45:47.745] [DEBUG] cheese - admin
[2020-10-09T21:45:47.747] [DEBUG] cheese - null
[2020-10-09T21:45:47.747] [DEBUG] cheese - null
[2020-10-11T09:43:32.971] [DEBUG] cheese - login => username:admin,password:123456
[2020-10-11T09:43:32.971] [DEBUG] cheese - admin
[2020-10-11T09:43:32.991] [DEBUG] cheese - null
[2020-10-11T09:43:32.991] [DEBUG] cheese - null
[2020-10-12T20:40:50.512] [DEBUG] cheese - login => username:admin,password:123456
[2020-10-12T20:40:50.514] [DEBUG] cheese - admin
[2020-10-12T20:40:50.533] [DEBUG] cheese - null
[2020-10-12T20:40:50.533] [DEBUG] cheese - null
[2020-10-14T18:53:02.121] [DEBUG] cheese - login => username:admin,password:123456
[2020-10-14T18:53:02.123] [DEBUG] cheese - admin
[2020-10-14T18:53:02.176] [DEBUG] cheese - null
[2020-10-14T18:53:02.176] [DEBUG] cheese - null
[2020-10-14T19:43:52.000] [DEBUG] cheese - null
[2020-10-16T19:01:42.573] [DEBUG] cheese - login => username:admin,password:123456
[2020-10-16T19:01:42.577] [DEBUG] cheese - admin
[2020-10-16T19:01:42.634] [DEBUG] cheese - null
[2020-10-16T19:01:42.634] [DEBUG] cheese - null
[2020-10-16T22:57:54.184] [DEBUG] cheese - login => username:admin,password:123456
[2020-10-16T22:57:54.186] [DEBUG] cheese - admin
[2020-10-16T22:57:54.233] [DEBUG] cheese - null
[2020-10-16T22:57:54.234] [DEBUG] cheese - null
[2020-10-18T20:02:05.530] [DEBUG] cheese - login => username:admin,password:123456
[2020-10-18T20:02:05.534] [DEBUG] cheese - admin
[2020-10-18T20:02:05.579] [DEBUG] cheese - null
[2020-10-18T20:02:05.580] [DEBUG] cheese - null
[2020-10-18T21:04:01.037] [DEBUG] cheese - login => username:admin,password:123456
[2020-10-18T21:04:01.037] [DEBUG] cheese - admin
[2020-10-18T21:04:01.042] [DEBUG] cheese - null
[2020-10-18T21:04:01.042] [DEBUG] cheese - null
[2020-10-18T21:09:47.921] [DEBUG] cheese - login => username:admin,password:123456
[2020-10-18T21:09:47.921] [DEBUG] cheese - admin
[2020-10-18T21:09:47.924] [DEBUG] cheese - null
[2020-10-18T21:09:47.924] [DEBUG] cheese - null
[2020-10-18T21:22:58.887] [DEBUG] cheese - login => username:admin,password:123456
[2020-10-18T21:22:58.887] [DEBUG] cheese - admin
[2020-10-18T21:22:58.891] [DEBUG] cheese - null
[2020-10-18T21:22:58.891] [DEBUG] cheese - null
[2020-10-20T20:43:46.606] [DEBUG] cheese - login => username:admin,password:123456
[2020-10-20T20:43:46.609] [DEBUG] cheese - admin
[2020-10-20T20:43:46.630] [DEBUG] cheese - null
[2020-10-20T20:43:46.631] [DEBUG] cheese - null
[2020-10-20T21:07:44.693] [DEBUG] cheese - login => username:admin,password:123456
[2020-10-20T21:07:44.694] [DEBUG] cheese - admin
[2020-10-20T21:07:44.705] [DEBUG] cheese - null
[2020-10-20T21:07:44.706] [DEBUG] cheese - null
[2020-10-20T21:14:09.793] [DEBUG] cheese - login => username:admin,password:123456
[2020-10-20T21:14:09.793] [DEBUG] cheese - admin
[2020-10-20T21:14:09.797] [DEBUG] cheese - null
[2020-10-20T21:14:09.797] [DEBUG] cheese - null
[2020-10-20T21:14:41.072] [DEBUG] cheese - login => username:admin,password:123456
[2020-10-20T21:14:41.072] [DEBUG] cheese - admin
[2020-10-20T21:14:41.079] [DEBUG] cheese - null
[2020-10-20T21:14:41.079] [DEBUG] cheese - null
[2020-10-20T21:15:11.275] [DEBUG] cheese - login => username:admin,password:123456
[2020-10-20T21:15:11.275] [DEBUG] cheese - admin
[2020-10-20T21:15:11.285] [DEBUG] cheese - null
[2020-10-20T21:15:11.285] [DEBUG] cheese - null
